Analysis & Synthesis report for dataPath
Tue Dec 15 16:56:22 2015
Quartus II Version 9.1 Build 222 10/21/2009 SJ Web Edition


---------------------
; Table of Contents ;
---------------------
  1. Legal Notice
  2. Analysis & Synthesis Summary
  3. Analysis & Synthesis Settings
  4. Parallel Compilation
  5. Analysis & Synthesis Source Files Read
  6. Analysis & Synthesis Resource Usage Summary
  7. Analysis & Synthesis Resource Utilization by Entity
  8. Registers Removed During Synthesis
  9. General Register Statistics
 10. Multiplexer Restructuring Statistics (Restructuring Performed)
 11. Parameter Settings for User Entity Instance: instructionCycleOperation:part1|register:eightBitsRegister
 12. Parameter Settings for User Entity Instance: instructionCycleOperation:part1|multiplexer:JMP_mux
 13. Parameter Settings for User Entity Instance: instructionCycleOperation:part1|register:fiveBitsRegister
 14. Parameter Settings for User Entity Instance: instructionCycleOperation:part1|multiplexer:Meminst_mux
 15. Parameter Settings for User Entity Instance: instructionSetOperation:part3|multiplexer:Asel_mux1
 16. Parameter Settings for User Entity Instance: instructionSetOperation:part3|multiplexer:Asel_mux2
 17. Parameter Settings for User Entity Instance: instructionSetOperation:part3|register:ARegister
 18. Port Connectivity Checks: "memRAM:part2"
 19. Analysis & Synthesis Messages
 20. Analysis & Synthesis Suppressed Messages



----------------
; Legal Notice ;
----------------
Copyright (C) 1991-2009 Altera Corporation
Your use of Altera Corporation's design tools, logic functions 
and other software and tools, and its AMPP partner logic 
functions, and any output files from any of the foregoing 
(including device programming or simulation files), and any 
associated documentation or information are expressly subject 
to the terms and conditions of the Altera Program License 
Subscription Agreement, Altera MegaCore Function License 
Agreement, or other applicable license agreement, including, 
without limitation, that your use is for the sole purpose of 
programming logic devices manufactured by Altera and sold by 
Altera or its authorized distributors.  Please refer to the 
applicable agreement for further details.



+------------------------------------------------------------------------------+
; Analysis & Synthesis Summary                                                 ;
+------------------------------------+-----------------------------------------+
; Analysis & Synthesis Status        ; Successful - Tue Dec 15 16:56:22 2015   ;
; Quartus II Version                 ; 9.1 Build 222 10/21/2009 SJ Web Edition ;
; Revision Name                      ; dataPath                                ;
; Top-level Entity Name              ; dataPath                                ;
; Family                             ; Cyclone II                              ;
; Total logic elements               ; 32                                      ;
;     Total combinational functions  ; 24                                      ;
;     Dedicated logic registers      ; 21                                      ;
; Total registers                    ; 21                                      ;
; Total pins                         ; 45                                      ;
; Total virtual pins                 ; 0                                       ;
; Total memory bits                  ; 0                                       ;
; Embedded Multiplier 9-bit elements ; 0                                       ;
; Total PLLs                         ; 0                                       ;
+------------------------------------+-----------------------------------------+


+----------------------------------------------------------------------------------------------------------------------+
; Analysis & Synthesis Settings                                                                                        ;
+----------------------------------------------------------------------------+--------------------+--------------------+
; Option                                                                     ; Setting            ; Default Value      ;
+----------------------------------------------------------------------------+--------------------+--------------------+
; Device                                                                     ; EP2C20F484C7       ;                    ;
; Top-level entity name                                                      ; dataPath           ; dataPath           ;
; Family name                                                                ; Cyclone II         ; Stratix II         ;
; Use Generated Physical Constraints File                                    ; Off                ;                    ;
; Use smart compilation                                                      ; Off                ; Off                ;
; Enable parallel Assembler and TimeQuest Timing Analyzer during compilation ; On                 ; On                 ;
; Enable compact report table                                                ; Off                ; Off                ;
; Restructure Multiplexers                                                   ; Auto               ; Auto               ;
; Create Debugging Nodes for IP Cores                                        ; Off                ; Off                ;
; Preserve fewer node names                                                  ; On                 ; On                 ;
; Disable OpenCore Plus hardware evaluation                                  ; Off                ; Off                ;
; Verilog Version                                                            ; Verilog_2001       ; Verilog_2001       ;
; VHDL Version                                                               ; VHDL_1993          ; VHDL_1993          ;
; State Machine Processing                                                   ; Auto               ; Auto               ;
; Safe State Machine                                                         ; Off                ; Off                ;
; Extract Verilog State Machines                                             ; On                 ; On                 ;
; Extract VHDL State Machines                                                ; On                 ; On                 ;
; Ignore Verilog initial constructs                                          ; Off                ; Off                ;
; Iteration limit for constant Verilog loops                                 ; 5000               ; 5000               ;
; Iteration limit for non-constant Verilog loops                             ; 250                ; 250                ;
; Add Pass-Through Logic to Inferred RAMs                                    ; On                 ; On                 ;
; Parallel Synthesis                                                         ; On                 ; On                 ;
; DSP Block Balancing                                                        ; Auto               ; Auto               ;
; NOT Gate Push-Back                                                         ; On                 ; On                 ;
; Power-Up Don't Care                                                        ; On                 ; On                 ;
; Remove Redundant Logic Cells                                               ; Off                ; Off                ;
; Remove Duplicate Registers                                                 ; On                 ; On                 ;
; Ignore CARRY Buffers                                                       ; Off                ; Off                ;
; Ignore CASCADE Buffers                                                     ; Off                ; Off                ;
; Ignore GLOBAL Buffers                                                      ; Off                ; Off                ;
; Ignore ROW GLOBAL Buffers                                                  ; Off                ; Off                ;
; Ignore LCELL Buffers                                                       ; Off                ; Off                ;
; Ignore SOFT Buffers                                                        ; On                 ; On                 ;
; Limit AHDL Integers to 32 Bits                                             ; Off                ; Off                ;
; Optimization Technique                                                     ; Balanced           ; Balanced           ;
; Carry Chain Length                                                         ; 70                 ; 70                 ;
; Auto Carry Chains                                                          ; On                 ; On                 ;
; Auto Open-Drain Pins                                                       ; On                 ; On                 ;
; Perform WYSIWYG Primitive Resynthesis                                      ; Off                ; Off                ;
; Auto ROM Replacement                                                       ; On                 ; On                 ;
; Auto RAM Replacement                                                       ; On                 ; On                 ;
; Auto Shift Register Replacement                                            ; Auto               ; Auto               ;
; Auto Clock Enable Replacement                                              ; On                 ; On                 ;
; Strict RAM Replacement                                                     ; Off                ; Off                ;
; Allow Synchronous Control Signals                                          ; On                 ; On                 ;
; Force Use of Synchronous Clear Signals                                     ; Off                ; Off                ;
; Auto RAM to Logic Cell Conversion                                          ; Off                ; Off                ;
; Auto Resource Sharing                                                      ; Off                ; Off                ;
; Allow Any RAM Size For Recognition                                         ; Off                ; Off                ;
; Allow Any ROM Size For Recognition                                         ; Off                ; Off                ;
; Allow Any Shift Register Size For Recognition                              ; Off                ; Off                ;
; Use LogicLock Constraints during Resource Balancing                        ; On                 ; On                 ;
; Ignore translate_off and synthesis_off directives                          ; Off                ; Off                ;
; Timing-Driven Synthesis                                                    ; Off                ; Off                ;
; Show Parameter Settings Tables in Synthesis Report                         ; On                 ; On                 ;
; Ignore Maximum Fan-Out Assignments                                         ; Off                ; Off                ;
; Synchronization Register Chain Length                                      ; 2                  ; 2                  ;
; PowerPlay Power Optimization                                               ; Normal compilation ; Normal compilation ;
; HDL message level                                                          ; Level2             ; Level2             ;
; Suppress Register Optimization Related Messages                            ; Off                ; Off                ;
; Number of Removed Registers Reported in Synthesis Report                   ; 100                ; 100                ;
; Number of Inverted Registers Reported in Synthesis Report                  ; 100                ; 100                ;
; Clock MUX Protection                                                       ; On                 ; On                 ;
; Auto Gated Clock Conversion                                                ; Off                ; Off                ;
; Block Design Naming                                                        ; Auto               ; Auto               ;
; SDC constraint protection                                                  ; Off                ; Off                ;
; Synthesis Effort                                                           ; Auto               ; Auto               ;
; Shift Register Replacement - Allow Asynchronous Clear Signal               ; On                 ; On                 ;
; Analysis & Synthesis Message Level                                         ; Medium             ; Medium             ;
; Disable Register Merging Across Hierarchies                                ; Auto               ; Auto               ;
; Resource Aware Inference For Block RAM                                     ; On                 ; On                 ;
+----------------------------------------------------------------------------+--------------------+--------------------+


Parallel compilation was disabled, but you have multiple processors available. Enable parallel compilation to reduce compilation time.
+-------------------------------------+
; Parallel Compilation                ;
+----------------------------+--------+
; Processors                 ; Number ;
+----------------------------+--------+
; Number detected on machine ; 4      ;
; Maximum allowed            ; 1      ;
+----------------------------+--------+


+-------------------------------------------------------------------------------------------------------------------------------------------------+
; Analysis & Synthesis Source Files Read                                                                                                          ;
+----------------------------------+-----------------+------------------------+-------------------------------------------------------------------+
; File Name with User-Entered Path ; Used in Netlist ; File Type              ; File Name with Absolute Path                                      ;
+----------------------------------+-----------------+------------------------+-------------------------------------------------------------------+
; dataPath.v                       ; yes             ; User Verilog HDL File  ; C:/Users/Student/Desktop/yen/dataPath/dataPath.v                  ;
; increment.v                      ; yes             ; User Verilog HDL File  ; C:/Users/Student/Desktop/yen/dataPath/increment.v                 ;
; instructionCycleOperation.v      ; yes             ; User Verilog HDL File  ; C:/Users/Student/Desktop/yen/dataPath/instructionCycleOperation.v ;
; instructionSetOperation.v        ; yes             ; User Verilog HDL File  ; C:/Users/Student/Desktop/yen/dataPath/instructionSetOperation.v   ;
; memRam.v                         ; yes             ; User Verilog HDL File  ; C:/Users/Student/Desktop/yen/dataPath/memRam.v                    ;
; multiplexer.v                    ; yes             ; User Verilog HDL File  ; C:/Users/Student/Desktop/yen/dataPath/multiplexer.v               ;
; register.v                       ; yes             ; User Verilog HDL File  ; C:/Users/Student/Desktop/yen/dataPath/register.v                  ;
; sub.v                            ; yes             ; User Verilog HDL File  ; C:/Users/Student/Desktop/yen/dataPath/sub.v                       ;
+----------------------------------+-----------------+------------------------+-------------------------------------------------------------------+


+-----------------------------------------------------+
; Analysis & Synthesis Resource Usage Summary         ;
+---------------------------------------------+-------+
; Resource                                    ; Usage ;
+---------------------------------------------+-------+
; Estimated Total logic elements              ; 32    ;
;                                             ;       ;
; Total combinational functions               ; 24    ;
; Logic element usage by number of LUT inputs ;       ;
;     -- 4 input functions                    ; 4     ;
;     -- 3 input functions                    ; 14    ;
;     -- <=2 input functions                  ; 6     ;
;                                             ;       ;
; Logic elements by mode                      ;       ;
;     -- normal mode                          ; 20    ;
;     -- arithmetic mode                      ; 4     ;
;                                             ;       ;
; Total registers                             ; 21    ;
;     -- Dedicated logic registers            ; 21    ;
;     -- I/O registers                        ; 0     ;
;                                             ;       ;
; I/O pins                                    ; 45    ;
; Maximum fan-out node                        ; Clock ;
; Maximum fan-out                             ; 21    ;
; Total fan-out                               ; 180   ;
; Average fan-out                             ; 2.00  ;
+---------------------------------------------+-------+


+----------------------------------------------------------------------------------------------------------------------------------------------------------------------------------------------------------------------------------------+
; Analysis & Synthesis Resource Utilization by Entity                                                                                                                                                                                    ;
+--------------------------------------+-------------------+--------------+-------------+--------------+---------+-----------+------+--------------+----------------------------------------------------------------------+--------------+
; Compilation Hierarchy Node           ; LC Combinationals ; LC Registers ; Memory Bits ; DSP Elements ; DSP 9x9 ; DSP 18x18 ; Pins ; Virtual Pins ; Full Hierarchy Name                                                  ; Library Name ;
+--------------------------------------+-------------------+--------------+-------------+--------------+---------+-----------+------+--------------+----------------------------------------------------------------------+--------------+
; |dataPath                            ; 24 (0)            ; 21 (0)       ; 0           ; 0            ; 0       ; 0         ; 45   ; 0            ; |dataPath                                                            ; work         ;
;    |instructionCycleOperation:part1| ; 10 (0)            ; 13 (0)       ; 0           ; 0            ; 0       ; 0         ; 0    ; 0            ; |dataPath|instructionCycleOperation:part1                            ;              ;
;       |multiplexer:Meminst_mux|      ; 5 (5)             ; 0 (0)        ; 0           ; 0            ; 0       ; 0         ; 0    ; 0            ; |dataPath|instructionCycleOperation:part1|multiplexer:Meminst_mux    ; work         ;
;       |register:eightBitsRegister|   ; 0 (0)             ; 8 (8)        ; 0           ; 0            ; 0       ; 0         ; 0    ; 0            ; |dataPath|instructionCycleOperation:part1|register:eightBitsRegister ;              ;
;       |register:fiveBitsRegister|    ; 5 (5)             ; 5 (5)        ; 0           ; 0            ; 0       ; 0         ; 0    ; 0            ; |dataPath|instructionCycleOperation:part1|register:fiveBitsRegister  ; work         ;
;    |instructionSetOperation:part3|   ; 14 (3)            ; 8 (0)        ; 0           ; 0            ; 0       ; 0         ; 0    ; 0            ; |dataPath|instructionSetOperation:part3                              ; work         ;
;       |multiplexer:Asel_mux2|        ; 7 (7)             ; 0 (0)        ; 0           ; 0            ; 0       ; 0         ; 0    ; 0            ; |dataPath|instructionSetOperation:part3|multiplexer:Asel_mux2        ; work         ;
;       |register:ARegister|           ; 4 (4)             ; 8 (8)        ; 0           ; 0            ; 0       ; 0         ; 0    ; 0            ; |dataPath|instructionSetOperation:part3|register:ARegister           ; work         ;
+--------------------------------------+-------------------+--------------+-------------+--------------+---------+-----------+------+--------------+----------------------------------------------------------------------+--------------+
Note: For table entries with two numbers listed, the numbers in parentheses indicate the number of resources of the given type used by the specific entity alone. The numbers listed outside of parentheses indicate the total resources of the given type used by the specific entity and all of its sub-entities in the hierarchy.


+--------------------------------------------------------------------------------+
; Registers Removed During Synthesis                                             ;
+---------------------------------------+----------------------------------------+
; Register name                         ; Reason for Removal                     ;
+---------------------------------------+----------------------------------------+
; memRAM:part2|Q[0..7]                  ; Stuck at GND due to stuck port data_in ;
; Total Number of Removed Registers = 8 ;                                        ;
+---------------------------------------+----------------------------------------+


+------------------------------------------------------+
; General Register Statistics                          ;
+----------------------------------------------+-------+
; Statistic                                    ; Value ;
+----------------------------------------------+-------+
; Total registers                              ; 21    ;
; Number of registers using Synchronous Clear  ; 0     ;
; Number of registers using Synchronous Load   ; 5     ;
; Number of registers using Asynchronous Clear ; 21    ;
; Number of registers using Asynchronous Load  ; 0     ;
; Number of registers using Clock Enable       ; 20    ;
; Number of registers using Preset             ; 0     ;
+----------------------------------------------+-------+


+---------------------------------------------------------------------------------------------------------------------------------------------------------------------------------+
; Multiplexer Restructuring Statistics (Restructuring Performed)                                                                                                                  ;
+--------------------+-----------+---------------+----------------------+------------------------+------------+-------------------------------------------------------------------+
; Multiplexer Inputs ; Bus Width ; Baseline Area ; Area if Restructured ; Saving if Restructured ; Registered ; Example Multiplexer Output                                        ;
+--------------------+-----------+---------------+----------------------+------------------------+------------+-------------------------------------------------------------------+
; 5:1                ; 7 bits    ; 21 LEs        ; 7 LEs                ; 14 LEs                 ; Yes        ; |dataPath|instructionSetOperation:part3|register:ARegister|out[6] ;
+--------------------+-----------+---------------+----------------------+------------------------+------------+-------------------------------------------------------------------+


+---------------------------------------------------------------------------------------------------------+
; Parameter Settings for User Entity Instance: instructionCycleOperation:part1|register:eightBitsRegister ;
+----------------+-------+--------------------------------------------------------------------------------+
; Parameter Name ; Value ; Type                                                                           ;
+----------------+-------+--------------------------------------------------------------------------------+
; data_size      ; 8     ; Signed Integer                                                                 ;
+----------------+-------+--------------------------------------------------------------------------------+
Note: In order to hide this table in the UI and the text report file, please set the "Show Parameter Settings Tables in Synthesis Report" option in "Analysis and Synthesis Settings -> More Settings" to "Off".


+--------------------------------------------------------------------------------------------------+
; Parameter Settings for User Entity Instance: instructionCycleOperation:part1|multiplexer:JMP_mux ;
+----------------+-------+-------------------------------------------------------------------------+
; Parameter Name ; Value ; Type                                                                    ;
+----------------+-------+-------------------------------------------------------------------------+
; data_size      ; 5     ; Signed Integer                                                          ;
+----------------+-------+-------------------------------------------------------------------------+
Note: In order to hide this table in the UI and the text report file, please set the "Show Parameter Settings Tables in Synthesis Report" option in "Analysis and Synthesis Settings -> More Settings" to "Off".


+--------------------------------------------------------------------------------------------------------+
; Parameter Settings for User Entity Instance: instructionCycleOperation:part1|register:fiveBitsRegister ;
+----------------+-------+-------------------------------------------------------------------------------+
; Parameter Name ; Value ; Type                                                                          ;
+----------------+-------+-------------------------------------------------------------------------------+
; data_size      ; 5     ; Signed Integer                                                                ;
+----------------+-------+-------------------------------------------------------------------------------+
Note: In order to hide this table in the UI and the text report file, please set the "Show Parameter Settings Tables in Synthesis Report" option in "Analysis and Synthesis Settings -> More Settings" to "Off".


+------------------------------------------------------------------------------------------------------+
; Parameter Settings for User Entity Instance: instructionCycleOperation:part1|multiplexer:Meminst_mux ;
+----------------+-------+-----------------------------------------------------------------------------+
; Parameter Name ; Value ; Type                                                                        ;
+----------------+-------+-----------------------------------------------------------------------------+
; data_size      ; 5     ; Signed Integer                                                              ;
+----------------+-------+-----------------------------------------------------------------------------+
Note: In order to hide this table in the UI and the text report file, please set the "Show Parameter Settings Tables in Synthesis Report" option in "Analysis and Synthesis Settings -> More Settings" to "Off".


+--------------------------------------------------------------------------------------------------+
; Parameter Settings for User Entity Instance: instructionSetOperation:part3|multiplexer:Asel_mux1 ;
+----------------+-------+-------------------------------------------------------------------------+
; Parameter Name ; Value ; Type                                                                    ;
+----------------+-------+-------------------------------------------------------------------------+
; data_size      ; 8     ; Signed Integer                                                          ;
+----------------+-------+-------------------------------------------------------------------------+
Note: In order to hide this table in the UI and the text report file, please set the "Show Parameter Settings Tables in Synthesis Report" option in "Analysis and Synthesis Settings -> More Settings" to "Off".


+--------------------------------------------------------------------------------------------------+
; Parameter Settings for User Entity Instance: instructionSetOperation:part3|multiplexer:Asel_mux2 ;
+----------------+-------+-------------------------------------------------------------------------+
; Parameter Name ; Value ; Type                                                                    ;
+----------------+-------+-------------------------------------------------------------------------+
; data_size      ; 8     ; Signed Integer                                                          ;
+----------------+-------+-------------------------------------------------------------------------+
Note: In order to hide this table in the UI and the text report file, please set the "Show Parameter Settings Tables in Synthesis Report" option in "Analysis and Synthesis Settings -> More Settings" to "Off".


+-----------------------------------------------------------------------------------------------+
; Parameter Settings for User Entity Instance: instructionSetOperation:part3|register:ARegister ;
+----------------+-------+----------------------------------------------------------------------+
; Parameter Name ; Value ; Type                                                                 ;
+----------------+-------+----------------------------------------------------------------------+
; data_size      ; 8     ; Signed Integer                                                       ;
+----------------+-------+----------------------------------------------------------------------+
Note: In order to hide this table in the UI and the text report file, please set the "Show Parameter Settings Tables in Synthesis Report" option in "Analysis and Synthesis Settings -> More Settings" to "Off".


+---------------------------------------------------------------------------------------------------------------------------------------------------------------------+
; Port Connectivity Checks: "memRAM:part2"                                                                                                                            ;
+------+-------+----------+-------------------------------------------------------------------------------------------------------------------------------------------+
; Port ; Type  ; Severity ; Details                                                                                                                                   ;
+------+-------+----------+-------------------------------------------------------------------------------------------------------------------------------------------+
; D    ; Input ; Warning  ; Input port expression (1 bits) is smaller than the input port (8 bits) it drives.  Extra input bit(s) "D[7..1]" will be connected to GND. ;
+------+-------+----------+-------------------------------------------------------------------------------------------------------------------------------------------+


+-------------------------------+
; Analysis & Synthesis Messages ;
+-------------------------------+
Info: *******************************************************************
Info: Running Quartus II Analysis & Synthesis
    Info: Version 9.1 Build 222 10/21/2009 SJ Web Edition
    Info: Processing started: Tue Dec 15 16:56:21 2015
Info: Command: quartus_map --read_settings_files=on --write_settings_files=off dataPath -c dataPath
Info: Found 1 design units, including 1 entities, in source file datapath.v
    Info: Found entity 1: dataPath
Info: Found 1 design units, including 1 entities, in source file datapath_tb.v
    Info: Found entity 1: dataPath_tb
Info: Found 1 design units, including 1 entities, in source file increment.v
    Info: Found entity 1: increment
Info: Found 1 design units, including 1 entities, in source file instructioncycleoperation.v
    Info: Found entity 1: instructionCycleOperation
Info: Found 1 design units, including 1 entities, in source file instructionsetoperation.v
    Info: Found entity 1: instructionSetOperation
Info: Found 1 design units, including 1 entities, in source file memram.v
    Info: Found entity 1: memRAM
Info: Found 1 design units, including 1 entities, in source file multiplexer.v
    Info: Found entity 1: multiplexer
Info: Found 1 design units, including 1 entities, in source file register.v
    Info: Found entity 1: register
Info: Found 1 design units, including 1 entities, in source file register_tb.v
    Info: Found entity 1: register_tb
Info: Found 1 design units, including 1 entities, in source file sub.v
    Info: Found entity 1: sub
Info: Found 1 design units, including 1 entities, in source file instructioncycleoperation_tb.v
    Info: Found entity 1: instructionCycleOperation_tb
Info: Found 1 design units, including 1 entities, in source file memram_tb.v
    Info: Found entity 1: memRAM_tb
Info: Found 1 design units, including 1 entities, in source file instructionsetoperation_tb.v
    Info: Found entity 1: instructionSetOperation_tb
Info: Found 1 design units, including 1 entities, in source file sub_tb.v
    Info: Found entity 1: sub_tb
Warning (10236): Verilog HDL Implicit Net warning at dataPath.v(14): created implicit net for "RAM_D"
Info: Elaborating entity "dataPath" for the top level hierarchy
Info: Elaborating entity "instructionCycleOperation" for hierarchy "instructionCycleOperation:part1"
Info: Elaborating entity "register" for hierarchy "instructionCycleOperation:part1|register:eightBitsRegister"
Info: Elaborating entity "multiplexer" for hierarchy "instructionCycleOperation:part1|multiplexer:JMP_mux"
Info: Elaborating entity "register" for hierarchy "instructionCycleOperation:part1|register:fiveBitsRegister"
Info: Elaborating entity "increment" for hierarchy "instructionCycleOperation:part1|increment:pc_increment"
Warning (10230): Verilog HDL assignment warning at increment.v(6): truncated value with size 32 to match size of target (5)
Info: Elaborating entity "memRAM" for hierarchy "memRAM:part2"
Info: Elaborating entity "instructionSetOperation" for hierarchy "instructionSetOperation:part3"
Info: Elaborating entity "multiplexer" for hierarchy "instructionSetOperation:part3|multiplexer:Asel_mux1"
Info: Elaborating entity "sub" for hierarchy "instructionSetOperation:part3|sub:add_sub"
Warning: 1 hierarchies have connectivity warnings - see the Connectivity Checks report folder
Warning: Output pins are stuck at VCC or GND
    Warning (13410): Pin "RAM_Q[0]" is stuck at GND
    Warning (13410): Pin "RAM_Q[1]" is stuck at GND
    Warning (13410): Pin "RAM_Q[2]" is stuck at GND
    Warning (13410): Pin "RAM_Q[3]" is stuck at GND
    Warning (13410): Pin "RAM_Q[4]" is stuck at GND
    Warning (13410): Pin "RAM_Q[5]" is stuck at GND
    Warning (13410): Pin "RAM_Q[6]" is stuck at GND
    Warning (13410): Pin "RAM_Q[7]" is stuck at GND
Info: Generated suppressed messages file C:/Users/Student/Desktop/yen/dataPath/dataPath.map.smsg
Warning: Design contains 1 input pin(s) that do not drive logic
    Warning (15610): No output dependent on input pin "MemWr"
Info: Implemented 77 device resources after synthesis - the final resource count might be different
    Info: Implemented 19 input pins
    Info: Implemented 26 output pins
    Info: Implemented 32 logic cells
Info: Quartus II Analysis & Synthesis was successful. 0 errors, 15 warnings
    Info: Peak virtual memory: 195 megabytes
    Info: Processing ended: Tue Dec 15 16:56:22 2015
    Info: Elapsed time: 00:00:01
    Info: Total CPU time (on all processors): 00:00:01


+------------------------------------------+
; Analysis & Synthesis Suppressed Messages ;
+------------------------------------------+
The suppressed messages can be found in C:/Users/Student/Desktop/yen/dataPath/dataPath.map.smsg.


